<?xml version="1.0" encoding="UTF-8"?>
<!-- Generated by org.testng.reporters.JUnitXMLReporter -->
<testsuite ignored="63" hostname="TYSS-Abhishek" failures="5" tests="64" name="API_Test" time="42.88" errors="0" timestamp="2023-01-16T19:06:35 IST">
  <testcase classname="com.spotify.albums.TYSS_Albums_GAS_001" name="TC_TYSS_Albums_GAS_001" time="4.262"/>
  <testcase classname="com.spotify.albums.TYSS_Albums_GAS_002" name="TC_TYSS_Albums_GAS_002" time="0.799"/>
  <testcase classname="com.spotify.albums.TYSS_Albums_GAS_003" name="TC_TYSS_Albums_GAS_003" time="0.701"/>
  <testcase classname="com.spotify.albums.TYSS_Albums_GAS_004" name="TC_TYSS_Albums_GAS_004" time="0.528"/>
  <testcase classname="com.spotify.albums.TYSS_Albums_GAS_005" name="TC_TYSS_Albums_GAS_005" time="0.383"/>
  <testcase classname="com.spotify.albums.TYSS_Albums_GAS_006" name="TC_TYSS_Albums_GAS_006" time="0.0">
    <failure type="org.testng.TestNGException" message="
Data Provider public static java.lang.Object[][] com.spotify.dataprovider.DataProviderFactory.getFilterRowData(java.lang.reflect.Method) throws java.io.IOException,com.codoid.products.exception.FilloException returned a null value">
      <![CDATA[org.testng.TestNGException: 
at java.base/java.util.ArrayList.forEach(ArrayList.java:1541)
... Removed 25 stack frames]]>
    </failure>
  </testcase> <!-- TC_TYSS_Albums_GAS_006 -->
  <testcase classname="com.spotify.albums.TYSS_Albums_GAS_007" name="TC_TYSS_Albums_GAS_007" time="0.439"/>
  <testcase classname="com.spotify.albums.TYSS_Albums_RUSA_001" name="TC_TYSS_Albums_RUSA_001" time="0.477"/>
  <testcase classname="com.spotify.albums.TYSS_Albums_RUSA_002" name="TC_TYSS_Albums_RUSA_002" time="0.474"/>
  <testcase classname="com.spotify.albums.TYSS_Albums_RUSA_003" name="TC_TYSS_Albums_RUSA_003" time="0.455"/>
  <testcase classname="com.spotify.albums.TYSS_Albums_RUSA_004" name="TC_TYSS_Albums_RUSA_004" time="0.407"/>
  <testcase classname="com.spotify.tracks.TYSS_Tracks_GST_001" name="TC_TYSS_Tracks_GST_001" time="0.528"/>
  <testcase classname="com.spotify.tracks.TYSS_Tracks_GST_002" name="TC_TYSS_Tracks_GST_002" time="0.545"/>
  <testcase classname="com.spotify.tracks.TYSS_Tracks_GST_003" name="TC_TYSS_Tracks_GST_003" time="0.549"/>
  <testcase classname="com.spotify.tracks.TYSS_Tracks_GST_004" name="TC_TYSS_Tracks_GST_004" time="0.565"/>
  <testcase classname="com.spotify.tracks.TYSS_Tracks_GST_005" name="TC_TYSS_Tracks_GST_005" time="0.436"/>
  <testcase classname="com.spotify.tracks.TYSS_Tracks_GST_006" name="TC_TYSS_Tracks_GST_006" time="0.458"/>
  <testcase classname="com.spotify.tracks.TYSS_Tracks_GST_007" name="TC_TYSS_Tracks_GST_007" time="0.412"/>
  <testcase classname="com.spotify.tracks.TYSS_Tracks_GUST_001" name="TC_TYSS_Tracks_GUST_001" time="0.492"/>
  <testcase classname="com.spotify.tracks.TYSS_Tracks_GUST_002" name="TC_TYSS_Tracks_GUST_002" time="0.613"/>
  <testcase classname="com.spotify.tracks.TYSS_Tracks_GUST_003" name="TC_TYSS_Tracks_GUST_003" time="0.485"/>
  <testcase classname="com.spotify.tracks.TYSS_Tracks_GUST_004" name="TC_TYSS_Tracks_GUST_004" time="0.357"/>
  <testcase classname="com.spotify.tracks.TYSS_Tracks_GUST_005" name="TC_TYSS_Tracks_GUST_005" time="0.451"/>
  <testcase classname="com.spotify.tracks.TYSS_Tracks_GR_001" name="TC_TYSS_Tracks_GR_001" time="0.928"/>
  <testcase classname="com.spotify.tracks.TYSS_Tracks_GR_002" name="TC_TYSS_Tracks_GR_002" time="1.208"/>
  <testcase classname="com.spotify.tracks.TYSS_Tracks_GR_003" name="TC_TYSS_Tracks_GR_003" time="1.394"/>
  <testcase classname="com.spotify.tracks.TYSS_Tracks_GR_004" name="TC_TYSS_Tracks_GR_004" time="0.391"/>
  <testcase classname="com.spotify.tracks.TYSS_Tracks_GR_005" name="TC_TYSS_Tracks_GR_005" time="0.358"/>
  <testcase classname="com.spotify.tracks.TYSS_Tracks_GR_006" name="TC_TYSS_Tracks_GR_005" time="0.387"/>
  <testcase classname="com.spotify.episodes.TYSS_Episodes_CUSE_001" name="TC_TYSS_Episodes_CUSE_001" time="0.441"/>
  <testcase classname="com.spotify.episodes.TYSS_Episodes_CUSE_002" name="TC_TYSS_Episodes_GE_002" time="0.349"/>
  <testcase classname="com.spotify.episodes.TYSS_Episodes_CUSE_003" name="TC_TYSS_Episodes_GE_003" time="0.428"/>
  <testcase classname="com.spotify.episodes.TYSS_Episodes_GE_001" name="TC_TYSS_Episodes_GE_001" time="0.522"/>
  <testcase classname="com.spotify.episodes.TYSS_Episodes_GE_002" name="TC_TYSS_Episodes_GE_002" time="0.437"/>
  <testcase classname="com.spotify.episodes.TYSS_Episodes_GE_003" name="TC_TYSS_Episodes_GE_003" time="0.438"/>
  <testcase classname="com.spotify.episodes.TYSS_Episodes_GE_004" name="TC_TYSS_Episodes_GE_004" time="0.375"/>
  <testcase classname="com.spotify.episodes.TYSS_Episodes_GE_005" name="TC_TYSS_Episodes_GE_005" time="0.361"/>
  <testcase classname="com.spotify.episodes.TYSS_Episodes_GSE_001" name="TC_TYSS_Episodes_GSE_001" time="0.453"/>
  <testcase classname="com.spotify.episodes.TYSS_Episodes_GSE_002" name="TC_TYSS_Episodes_GE_002" time="0.463"/>
  <testcase classname="com.spotify.episodes.TYSS_Episodes_GSE_003" name="TC_TYSS_Episodes_GSE_003" time="0.5"/>
  <testcase classname="com.spotify.episodes.TYSS_Episodes_GSE_004" name="TC_TYSS_Episodes_GSE_004" time="0.351"/>
  <testcase classname="com.spotify.episodes.TYSS_Episodes_GSE_005" name="TC_TYSS_Episodes_GSE_005" time="0.35"/>
  <testcase classname="com.spotify.episodes.TYSS_Episodes_RUSE_001" name="TC_TYSS_Episodes_RUSE_001" time="0.365"/>
  <testcase classname="com.spotify.episodes.TYSS_Episodes_SECU_001" name="TC_TYSS_Episodes_SECU_001" time="0.437"/>
  <testcase classname="com.spotify.episodes.TYSS_Episodes_SECU_002" name="TC_TYSS_Episodes_SECU_002" time="0.357"/>
  <testcase classname="com.spotify.episodes.TYSS_Episodes_SECU_003" name="TC_TYSS_Episodes_SECU_003" time="0.353"/>
  <testcase classname="com.spotify.episodes.TYSS_Episodes_GUSE_001" name="TC_TYSS_Episodes_GUSE_001" time="0.553">
    <failure type="java.lang.AssertionError" message="expected [500] but found [200]">
      <![CDATA[java.lang.AssertionError: expected [500] but found [200]
at com.spotify.utils.ApiActionUtil.validateStatusCode(ApiActionUtil.java:191)
at com.spotify.episodes.TYSS_Episodes_GUSE_001.TC_TYSS_Episodes_GUSE_001(TYSS_Episodes_GUSE_001.java:34)
at java.base/java.util.ArrayList.forEach(ArrayList.java:1541)
... Removed 33 stack frames]]>
    </failure>
  </testcase> <!-- TC_TYSS_Episodes_GUSE_001 -->
  <testcase classname="com.spotify.episodes.TYSS_Episodes_GUSE_002" name="TC_TYSS_Episodes_GUSE_002" time="0.471"/>
  <testcase classname="com.spotify.episodes.TYSS_Episodes_GUSE_003" name="TC_TYSS_Episodes_GUSE_003" time="0.599"/>
  <testcase classname="com.spotify.episodes.TYSS_Episodes_GUSE_004" name="TC_TYSS_Episodes_GUSE_004" time="0.362"/>
  <testcase classname="com.spotify.shows.TYSS_Shows_GS_001" name="TC_TYSS_Shows_GS_001" time="0.978"/>
  <testcase classname="com.spotify.shows.TYSS_Shows_GS_002" name="TC_TYSS_Shows_GS_002" time="0.625"/>
  <testcase classname="com.spotify.shows.TYSS_Shows_GS_003" name="TC_TYSS_Shows_GS_003" time="0.557"/>
  <testcase classname="com.spotify.shows.TYSS_Shows_GS_004" name="TC_Shows_GS_004" time="0.377"/>
  <testcase classname="com.spotify.shows.TYSS_Shows_GS_005" name="TC_TYSS_Shows_GS_005" time="0.338"/>
  <testcase classname="com.spotify.shows.TYSS_Shows_GS_006" name="TC_TYSS_Shows_GS_006" time="0.338"/>
  <testcase classname="com.spotify.shows.TYSS_Shows_GUSS_001" name="TC_TYSS_Shows_GUSS_001" time="0.377">
    <failure type="java.lang.AssertionError" message="Unable to validate Response body value using JSON path">
      <![CDATA[java.lang.AssertionError: Unable to validate Response body value using JSON path
at com.spotify.utils.ApiActionUtil.validateResponseBodyValue(ApiActionUtil.java:1164)
at com.spotify.shows.TYSS_Shows_GUSS_001.TC_TYSS_Shows_GUSS_001(TYSS_Shows_GUSS_001.java:38)
at java.base/java.util.ArrayList.forEach(ArrayList.java:1541)
... Removed 28 stack frames]]>
    </failure>
  </testcase> <!-- TC_TYSS_Shows_GUSS_001 -->
  <testcase classname="com.spotify.shows.TYSS_Shows_GUSS_002" name="TC_TYSS_Shows_GUSS_002" time="0.365">
    <failure type="java.lang.AssertionError" message="Unable to validate Response body value using JSON path">
      <![CDATA[java.lang.AssertionError: Unable to validate Response body value using JSON path
at com.spotify.utils.ApiActionUtil.validateResponseBodyValue(ApiActionUtil.java:1164)
at com.spotify.shows.TYSS_Shows_GUSS_002.TC_TYSS_Shows_GUSS_002(TYSS_Shows_GUSS_002.java:38)
at java.base/java.util.ArrayList.forEach(ArrayList.java:1541)
... Removed 28 stack frames]]>
    </failure>
  </testcase> <!-- TC_TYSS_Shows_GUSS_002 -->
  <testcase classname="com.spotify.shows.TYSS_Shows_GUSS_003" name="TC_TYSS_Shows_GUSS_003" time="0.377">
    <failure type="java.lang.AssertionError" message="Unable to validate Response body value using JSON path">
      <![CDATA[java.lang.AssertionError: Unable to validate Response body value using JSON path
at com.spotify.utils.ApiActionUtil.validateResponseBodyValue(ApiActionUtil.java:1164)
at com.spotify.shows.TYSS_Shows_GUSS_003.TC_TYSS_Shows_GUSS_003(TYSS_Shows_GUSS_003.java:38)
at java.base/java.util.ArrayList.forEach(ArrayList.java:1541)
... Removed 28 stack frames]]>
    </failure>
  </testcase> <!-- TC_TYSS_Shows_GUSS_003 -->
  <testcase classname="com.spotify.shows.TYSS_Shows_GUSS_004" name="TC_TYSS_Shows_GUSS_004" time="0.371"/>
  <testcase classname="com.spotify.shows.TYSS_Shows_GUSS_005" name="TC_TYSS_Shows_GUSS_005" time="0.348"/>
  <testcase classname="com.spotify.shows.TYSS_Shows_RUSS_001" name="TC_TYSS_Shows_RUSS_001" time="0.489"/>
  <testcase classname="com.spotify.shows.TYSS_Shows_RUSS_002" name="TC_TYSS_Shows_RUSS_002" time="0.338"/>
  <testcase classname="com.spotify.shows.TYSS_Shows_RUSS_003" name="TC_TYSS_Shows_RUSS_003" time="0.445"/>
  <testcase classname="com.spotify.baseutil.BaseTest" name="@BeforeSuite createFiles" time="0.0">
    <ignored/>
  </testcase> <!-- @BeforeSuite createFiles -->
  <testcase classname="com.spotify.baseutil.BaseTest" name="@BeforeSuite createFiles" time="0.0">
    <ignored/>
  </testcase> <!-- @BeforeSuite createFiles -->
  <testcase classname="com.spotify.baseutil.BaseTest" name="@BeforeSuite createFiles" time="0.0">
    <ignored/>
  </testcase> <!-- @BeforeSuite createFiles -->
  <testcase classname="com.spotify.baseutil.BaseTest" name="@BeforeSuite createFiles" time="0.0">
    <ignored/>
  </testcase> <!-- @BeforeSuite createFiles -->
  <testcase classname="com.spotify.baseutil.BaseTest" name="@BeforeSuite createFiles" time="0.0">
    <ignored/>
  </testcase> <!-- @BeforeSuite createFiles -->
  <testcase classname="com.spotify.baseutil.BaseTest" name="@BeforeSuite createFiles" time="0.0">
    <ignored/>
  </testcase> <!-- @BeforeSuite createFiles -->
  <testcase classname="com.spotify.baseutil.BaseTest" name="@BeforeSuite createFiles" time="0.0">
    <ignored/>
  </testcase> <!-- @BeforeSuite createFiles -->
  <testcase classname="com.spotify.baseutil.BaseTest" name="@BeforeSuite createFiles" time="0.0">
    <ignored/>
  </testcase> <!-- @BeforeSuite createFiles -->
  <testcase classname="com.spotify.baseutil.BaseTest" name="@BeforeSuite createFiles" time="0.0">
    <ignored/>
  </testcase> <!-- @BeforeSuite createFiles -->
  <testcase classname="com.spotify.baseutil.BaseTest" name="@BeforeSuite createFiles" time="0.0">
    <ignored/>
  </testcase> <!-- @BeforeSuite createFiles -->
  <testcase classname="com.spotify.baseutil.BaseTest" name="@BeforeSuite createFiles" time="0.0">
    <ignored/>
  </testcase> <!-- @BeforeSuite createFiles -->
  <testcase classname="com.spotify.baseutil.BaseTest" name="@BeforeSuite createFiles" time="0.0">
    <ignored/>
  </testcase> <!-- @BeforeSuite createFiles -->
  <testcase classname="com.spotify.baseutil.BaseTest" name="@BeforeSuite createFiles" time="0.0">
    <ignored/>
  </testcase> <!-- @BeforeSuite createFiles -->
  <testcase classname="com.spotify.baseutil.BaseTest" name="@BeforeSuite createFiles" time="0.0">
    <ignored/>
  </testcase> <!-- @BeforeSuite createFiles -->
  <testcase classname="com.spotify.baseutil.BaseTest" name="@BeforeSuite createFiles" time="0.0">
    <ignored/>
  </testcase> <!-- @BeforeSuite createFiles -->
  <testcase classname="com.spotify.baseutil.BaseTest" name="@BeforeSuite createFiles" time="0.0">
    <ignored/>
  </testcase> <!-- @BeforeSuite createFiles -->
  <testcase classname="com.spotify.baseutil.BaseTest" name="@BeforeSuite createFiles" time="0.0">
    <ignored/>
  </testcase> <!-- @BeforeSuite createFiles -->
  <testcase classname="com.spotify.baseutil.BaseTest" name="@BeforeSuite createFiles" time="0.0">
    <ignored/>
  </testcase> <!-- @BeforeSuite createFiles -->
  <testcase classname="com.spotify.baseutil.BaseTest" name="@BeforeSuite createFiles" time="0.0">
    <ignored/>
  </testcase> <!-- @BeforeSuite createFiles -->
  <testcase classname="com.spotify.baseutil.BaseTest" name="@BeforeSuite createFiles" time="0.0">
    <ignored/>
  </testcase> <!-- @BeforeSuite createFiles -->
  <testcase classname="com.spotify.baseutil.BaseTest" name="@BeforeSuite createFiles" time="0.0">
    <ignored/>
  </testcase> <!-- @BeforeSuite createFiles -->
  <testcase classname="com.spotify.baseutil.BaseTest" name="@BeforeSuite createFiles" time="0.0">
    <ignored/>
  </testcase> <!-- @BeforeSuite createFiles -->
  <testcase classname="com.spotify.baseutil.BaseTest" name="@BeforeSuite createFiles" time="0.0">
    <ignored/>
  </testcase> <!-- @BeforeSuite createFiles -->
  <testcase classname="com.spotify.baseutil.BaseTest" name="@BeforeSuite createFiles" time="0.0">
    <ignored/>
  </testcase> <!-- @BeforeSuite createFiles -->
  <testcase classname="com.spotify.baseutil.BaseTest" name="@BeforeSuite createFiles" time="0.0">
    <ignored/>
  </testcase> <!-- @BeforeSuite createFiles -->
  <testcase classname="com.spotify.baseutil.BaseTest" name="@BeforeSuite createFiles" time="0.0">
    <ignored/>
  </testcase> <!-- @BeforeSuite createFiles -->
  <testcase classname="com.spotify.baseutil.BaseTest" name="@BeforeSuite createFiles" time="0.0">
    <ignored/>
  </testcase> <!-- @BeforeSuite createFiles -->
  <testcase classname="com.spotify.baseutil.BaseTest" name="@BeforeSuite createFiles" time="0.0">
    <ignored/>
  </testcase> <!-- @BeforeSuite createFiles -->
  <testcase classname="com.spotify.baseutil.BaseTest" name="@BeforeSuite createFiles" time="0.0">
    <ignored/>
  </testcase> <!-- @BeforeSuite createFiles -->
  <testcase classname="com.spotify.baseutil.BaseTest" name="@BeforeSuite createFiles" time="0.0">
    <ignored/>
  </testcase> <!-- @BeforeSuite createFiles -->
  <testcase classname="com.spotify.baseutil.BaseTest" name="@BeforeSuite createFiles" time="0.0">
    <ignored/>
  </testcase> <!-- @BeforeSuite createFiles -->
  <testcase classname="com.spotify.baseutil.BaseTest" name="@BeforeSuite createFiles" time="0.0">
    <ignored/>
  </testcase> <!-- @BeforeSuite createFiles -->
  <testcase classname="com.spotify.baseutil.BaseTest" name="@BeforeSuite createFiles" time="0.0">
    <ignored/>
  </testcase> <!-- @BeforeSuite createFiles -->
  <testcase classname="com.spotify.baseutil.BaseTest" name="@BeforeSuite createFiles" time="0.0">
    <ignored/>
  </testcase> <!-- @BeforeSuite createFiles -->
  <testcase classname="com.spotify.baseutil.BaseTest" name="@BeforeSuite createFiles" time="0.0">
    <ignored/>
  </testcase> <!-- @BeforeSuite createFiles -->
  <testcase classname="com.spotify.baseutil.BaseTest" name="@BeforeSuite createFiles" time="0.0">
    <ignored/>
  </testcase> <!-- @BeforeSuite createFiles -->
  <testcase classname="com.spotify.baseutil.BaseTest" name="@BeforeSuite createFiles" time="0.0">
    <ignored/>
  </testcase> <!-- @BeforeSuite createFiles -->
  <testcase classname="com.spotify.baseutil.BaseTest" name="@BeforeSuite createFiles" time="0.0">
    <ignored/>
  </testcase> <!-- @BeforeSuite createFiles -->
  <testcase classname="com.spotify.baseutil.BaseTest" name="@BeforeSuite createFiles" time="0.0">
    <ignored/>
  </testcase> <!-- @BeforeSuite createFiles -->
  <testcase classname="com.spotify.baseutil.BaseTest" name="@BeforeSuite createFiles" time="0.0">
    <ignored/>
  </testcase> <!-- @BeforeSuite createFiles -->
  <testcase classname="com.spotify.baseutil.BaseTest" name="@BeforeSuite createFiles" time="0.0">
    <ignored/>
  </testcase> <!-- @BeforeSuite createFiles -->
  <testcase classname="com.spotify.baseutil.BaseTest" name="@BeforeSuite createFiles" time="0.0">
    <ignored/>
  </testcase> <!-- @BeforeSuite createFiles -->
  <testcase classname="com.spotify.baseutil.BaseTest" name="@BeforeSuite createFiles" time="0.0">
    <ignored/>
  </testcase> <!-- @BeforeSuite createFiles -->
  <testcase classname="com.spotify.baseutil.BaseTest" name="@BeforeSuite createFiles" time="0.0">
    <ignored/>
  </testcase> <!-- @BeforeSuite createFiles -->
  <testcase classname="com.spotify.baseutil.BaseTest" name="@BeforeSuite createFiles" time="0.0">
    <ignored/>
  </testcase> <!-- @BeforeSuite createFiles -->
  <testcase classname="com.spotify.baseutil.BaseTest" name="@BeforeSuite createFiles" time="0.0">
    <ignored/>
  </testcase> <!-- @BeforeSuite createFiles -->
  <testcase classname="com.spotify.baseutil.BaseTest" name="@BeforeSuite createFiles" time="0.0">
    <ignored/>
  </testcase> <!-- @BeforeSuite createFiles -->
  <testcase classname="com.spotify.baseutil.BaseTest" name="@BeforeSuite createFiles" time="0.0">
    <ignored/>
  </testcase> <!-- @BeforeSuite createFiles -->
  <testcase classname="com.spotify.baseutil.BaseTest" name="@BeforeSuite createFiles" time="0.0">
    <ignored/>
  </testcase> <!-- @BeforeSuite createFiles -->
  <testcase classname="com.spotify.baseutil.BaseTest" name="@BeforeSuite createFiles" time="0.0">
    <ignored/>
  </testcase> <!-- @BeforeSuite createFiles -->
  <testcase classname="com.spotify.baseutil.BaseTest" name="@BeforeSuite createFiles" time="0.0">
    <ignored/>
  </testcase> <!-- @BeforeSuite createFiles -->
  <testcase classname="com.spotify.baseutil.BaseTest" name="@BeforeSuite createFiles" time="0.0">
    <ignored/>
  </testcase> <!-- @BeforeSuite createFiles -->
  <testcase classname="com.spotify.baseutil.BaseTest" name="@BeforeSuite createFiles" time="0.0">
    <ignored/>
  </testcase> <!-- @BeforeSuite createFiles -->
  <testcase classname="com.spotify.baseutil.BaseTest" name="@BeforeSuite createFiles" time="0.0">
    <ignored/>
  </testcase> <!-- @BeforeSuite createFiles -->
  <testcase classname="com.spotify.baseutil.BaseTest" name="@BeforeSuite createFiles" time="0.0">
    <ignored/>
  </testcase> <!-- @BeforeSuite createFiles -->
  <testcase classname="com.spotify.baseutil.BaseTest" name="@BeforeSuite createFiles" time="0.0">
    <ignored/>
  </testcase> <!-- @BeforeSuite createFiles -->
  <testcase classname="com.spotify.baseutil.BaseTest" name="@BeforeSuite createFiles" time="0.0">
    <ignored/>
  </testcase> <!-- @BeforeSuite createFiles -->
  <testcase classname="com.spotify.baseutil.BaseTest" name="@BeforeSuite createFiles" time="0.0">
    <ignored/>
  </testcase> <!-- @BeforeSuite createFiles -->
  <testcase classname="com.spotify.baseutil.BaseTest" name="@BeforeSuite createFiles" time="0.0">
    <ignored/>
  </testcase> <!-- @BeforeSuite createFiles -->
  <testcase classname="com.spotify.baseutil.BaseTest" name="@BeforeSuite createFiles" time="0.0">
    <ignored/>
  </testcase> <!-- @BeforeSuite createFiles -->
  <testcase classname="com.spotify.baseutil.BaseTest" name="@BeforeSuite createFiles" time="0.0">
    <ignored/>
  </testcase> <!-- @BeforeSuite createFiles -->
  <testcase classname="com.spotify.baseutil.BaseTest" name="@BeforeSuite createFiles" time="0.0">
    <ignored/>
  </testcase> <!-- @BeforeSuite createFiles -->
  <testcase classname="com.spotify.baseutil.BaseTest" name="@BeforeSuite createFiles" time="0.0">
    <ignored/>
  </testcase> <!-- @BeforeSuite createFiles -->
</testsuite> <!-- API_Test -->
