<?xml version="1.0" encoding="UTF-8"?>
<!-- Generated by org.testng.reporters.JUnitXMLReporter -->
<testsuite ignored="63" hostname="TYSS-Abhishek" failures="4" tests="64" name="API_Test" time="76.886" errors="0" timestamp="2023-01-16T19:18:09 IST">
  <testcase classname="com.spotify.albums.TYSS_Albums_GAS_001" name="TC_TYSS_Albums_GAS_001" time="2.737"/>
  <testcase classname="com.spotify.albums.TYSS_Albums_GAS_002" name="TC_TYSS_Albums_GAS_002" time="1.118"/>
  <testcase classname="com.spotify.albums.TYSS_Albums_GAS_003" name="TC_TYSS_Albums_GAS_003" time="0.771"/>
  <testcase classname="com.spotify.albums.TYSS_Albums_GAS_004" name="TC_TYSS_Albums_GAS_004" time="0.56"/>
  <testcase classname="com.spotify.albums.TYSS_Albums_GAS_005" name="TC_TYSS_Albums_GAS_005" time="0.428"/>
  <testcase classname="com.spotify.albums.TYSS_Albums_GAS_006" name="TC_TYSS_Albums_GAS_006" time="0.434">
    <failure type="java.lang.AssertionError" message="expected [400] but found [404]">
      <![CDATA[java.lang.AssertionError: expected [400] but found [404]
at com.spotify.utils.ApiActionUtil.validateStatusCode(ApiActionUtil.java:191)
at com.spotify.albums.TYSS_Albums_GAS_006.TC_TYSS_Albums_GAS_006(TYSS_Albums_GAS_006.java:35)
at java.base/java.util.ArrayList.forEach(ArrayList.java:1541)
... Removed 33 stack frames]]>
    </failure>
  </testcase> <!-- TC_TYSS_Albums_GAS_006 -->
  <testcase classname="com.spotify.albums.TYSS_Albums_GAS_007" name="TC_TYSS_Albums_GAS_007" time="0.0">
    <failure type="org.testng.TestNGException" message="
Data Provider public static java.lang.Object[][] com.spotify.dataprovider.DataProviderFactory.getFilterRowData(java.lang.reflect.Method) throws java.io.IOException,com.codoid.products.exception.FilloException returned a null value">
      <![CDATA[org.testng.TestNGException: 
at java.base/java.util.ArrayList.forEach(ArrayList.java:1541)
... Removed 25 stack frames]]>
    </failure>
  </testcase> <!-- TC_TYSS_Albums_GAS_007 -->
  <testcase classname="com.spotify.albums.TYSS_Albums_RUSA_001" name="TC_TYSS_Albums_RUSA_001" time="0.449"/>
  <testcase classname="com.spotify.albums.TYSS_Albums_RUSA_002" name="TC_TYSS_Albums_RUSA_002" time="0.458"/>
  <testcase classname="com.spotify.albums.TYSS_Albums_RUSA_003" name="TC_TYSS_Albums_RUSA_003" time="0.588"/>
  <testcase classname="com.spotify.albums.TYSS_Albums_RUSA_004" name="TC_TYSS_Albums_RUSA_004" time="0.402"/>
  <testcase classname="com.spotify.tracks.TYSS_Tracks_GST_001" name="TC_TYSS_Tracks_GST_001" time="0.536"/>
  <testcase classname="com.spotify.tracks.TYSS_Tracks_GST_002" name="TC_TYSS_Tracks_GST_002" time="0.552"/>
  <testcase classname="com.spotify.tracks.TYSS_Tracks_GST_003" name="TC_TYSS_Tracks_GST_003" time="0.569"/>
  <testcase classname="com.spotify.tracks.TYSS_Tracks_GST_004" name="TC_TYSS_Tracks_GST_004" time="0.48"/>
  <testcase classname="com.spotify.tracks.TYSS_Tracks_GST_005" name="TC_TYSS_Tracks_GST_005" time="0.381"/>
  <testcase classname="com.spotify.tracks.TYSS_Tracks_GST_006" name="TC_TYSS_Tracks_GST_006" time="0.475"/>
  <testcase classname="com.spotify.tracks.TYSS_Tracks_GST_007" name="TC_TYSS_Tracks_GST_007" time="0.469"/>
  <testcase classname="com.spotify.tracks.TYSS_Tracks_GUST_001" name="TC_TYSS_Tracks_GUST_001" time="0.456"/>
  <testcase classname="com.spotify.tracks.TYSS_Tracks_GUST_002" name="TC_TYSS_Tracks_GUST_002" time="0.567"/>
  <testcase classname="com.spotify.tracks.TYSS_Tracks_GUST_003" name="TC_TYSS_Tracks_GUST_003" time="0.504"/>
  <testcase classname="com.spotify.tracks.TYSS_Tracks_GUST_004" name="TC_TYSS_Tracks_GUST_004" time="0.362"/>
  <testcase classname="com.spotify.tracks.TYSS_Tracks_GUST_005" name="TC_TYSS_Tracks_GUST_005" time="0.407"/>
  <testcase classname="com.spotify.tracks.TYSS_Tracks_GR_001" name="TC_TYSS_Tracks_GR_001" time="0.915"/>
  <testcase classname="com.spotify.tracks.TYSS_Tracks_GR_002" name="TC_TYSS_Tracks_GR_002" time="1.247"/>
  <testcase classname="com.spotify.tracks.TYSS_Tracks_GR_003" name="TC_TYSS_Tracks_GR_003" time="1.027"/>
  <testcase classname="com.spotify.tracks.TYSS_Tracks_GR_004" name="TC_TYSS_Tracks_GR_004" time="0.347"/>
  <testcase classname="com.spotify.tracks.TYSS_Tracks_GR_005" name="TC_TYSS_Tracks_GR_005" time="0.35"/>
  <testcase classname="com.spotify.tracks.TYSS_Tracks_GR_006" name="TC_TYSS_Tracks_GR_005" time="0.349"/>
  <testcase classname="com.spotify.episodes.TYSS_Episodes_CUSE_001" name="TC_TYSS_Episodes_CUSE_001" time="0.371"/>
  <testcase classname="com.spotify.episodes.TYSS_Episodes_CUSE_002" name="TC_TYSS_Episodes_GE_002" time="0.322"/>
  <testcase classname="com.spotify.episodes.TYSS_Episodes_CUSE_003" name="TC_TYSS_Episodes_GE_003" time="0.356"/>
  <testcase classname="com.spotify.episodes.TYSS_Episodes_GE_001" name="TC_TYSS_Episodes_GE_001" time="0.408"/>
  <testcase classname="com.spotify.episodes.TYSS_Episodes_GE_002" name="TC_TYSS_Episodes_GE_002" time="0.368"/>
  <testcase classname="com.spotify.episodes.TYSS_Episodes_GE_003" name="TC_TYSS_Episodes_GE_003" time="0.502"/>
  <testcase classname="com.spotify.episodes.TYSS_Episodes_GE_004" name="TC_TYSS_Episodes_GE_004" time="0.365"/>
  <testcase classname="com.spotify.episodes.TYSS_Episodes_GE_005" name="TC_TYSS_Episodes_GE_005" time="0.359"/>
  <testcase classname="com.spotify.episodes.TYSS_Episodes_GSE_001" name="TC_TYSS_Episodes_GSE_001" time="0.501"/>
  <testcase classname="com.spotify.episodes.TYSS_Episodes_GSE_002" name="TC_TYSS_Episodes_GE_002" time="0.568"/>
  <testcase classname="com.spotify.episodes.TYSS_Episodes_GSE_003" name="TC_TYSS_Episodes_GSE_003" time="0.486"/>
  <testcase classname="com.spotify.episodes.TYSS_Episodes_GSE_004" name="TC_TYSS_Episodes_GSE_004" time="0.355"/>
  <testcase classname="com.spotify.episodes.TYSS_Episodes_GSE_005" name="TC_TYSS_Episodes_GSE_005" time="0.538"/>
  <testcase classname="com.spotify.episodes.TYSS_Episodes_RUSE_001" name="TC_TYSS_Episodes_RUSE_001" time="0.384"/>
  <testcase classname="com.spotify.episodes.TYSS_Episodes_SECU_001" name="TC_TYSS_Episodes_SECU_001" time="0.394"/>
  <testcase classname="com.spotify.episodes.TYSS_Episodes_SECU_002" name="TC_TYSS_Episodes_SECU_002" time="0.35"/>
  <testcase classname="com.spotify.episodes.TYSS_Episodes_SECU_003" name="TC_TYSS_Episodes_SECU_003" time="0.355"/>
  <testcase classname="com.spotify.episodes.TYSS_Episodes_GUSE_001" name="TC_TYSS_Episodes_GUSE_001" time="0.579">
    <failure type="java.lang.AssertionError" message="expected [500] but found [200]">
      <![CDATA[java.lang.AssertionError: expected [500] but found [200]
at com.spotify.utils.ApiActionUtil.validateStatusCode(ApiActionUtil.java:191)
at com.spotify.episodes.TYSS_Episodes_GUSE_001.TC_TYSS_Episodes_GUSE_001(TYSS_Episodes_GUSE_001.java:34)
at java.base/java.util.ArrayList.forEach(ArrayList.java:1541)
... Removed 33 stack frames]]>
    </failure>
  </testcase> <!-- TC_TYSS_Episodes_GUSE_001 -->
  <testcase classname="com.spotify.episodes.TYSS_Episodes_GUSE_002" name="TC_TYSS_Episodes_GUSE_002" time="0.517">
    <failure type="java.lang.AssertionError" message="expected [500] but found [200]">
      <![CDATA[java.lang.AssertionError: expected [500] but found [200]
at com.spotify.utils.ApiActionUtil.validateStatusCode(ApiActionUtil.java:191)
at com.spotify.episodes.TYSS_Episodes_GUSE_002.TC_TYSS_Episodes_GUSE_002(TYSS_Episodes_GUSE_002.java:34)
at java.base/java.util.ArrayList.forEach(ArrayList.java:1541)
... Removed 33 stack frames]]>
    </failure>
  </testcase> <!-- TC_TYSS_Episodes_GUSE_002 -->
  <testcase classname="com.spotify.episodes.TYSS_Episodes_GUSE_003" name="TC_TYSS_Episodes_GUSE_003" time="0.638"/>
  <testcase classname="com.spotify.episodes.TYSS_Episodes_GUSE_004" name="TC_TYSS_Episodes_GUSE_004" time="0.342"/>
  <testcase classname="com.spotify.shows.TYSS_Shows_GS_001" name="TC_TYSS_Shows_GS_001" time="0.876"/>
  <testcase classname="com.spotify.shows.TYSS_Shows_GS_002" name="TC_TYSS_Shows_GS_002" time="0.641"/>
  <testcase classname="com.spotify.shows.TYSS_Shows_GS_003" name="TC_TYSS_Shows_GS_003" time="0.6"/>
  <testcase classname="com.spotify.shows.TYSS_Shows_GS_004" name="TC_Shows_GS_004" time="0.392"/>
  <testcase classname="com.spotify.shows.TYSS_Shows_GS_005" name="TC_TYSS_Shows_GS_005" time="0.402"/>
  <testcase classname="com.spotify.shows.TYSS_Shows_GS_006" name="TC_TYSS_Shows_GS_006" time="0.371"/>
  <testcase classname="com.spotify.shows.TYSS_Shows_GUSS_001" name="TC_TYSS_Shows_GUSS_001" time="0.434"/>
  <testcase classname="com.spotify.shows.TYSS_Shows_GUSS_002" name="TC_TYSS_Shows_GUSS_002" time="0.484"/>
  <testcase classname="com.spotify.shows.TYSS_Shows_GUSS_003" name="TC_TYSS_Shows_GUSS_003" time="0.493"/>
  <testcase classname="com.spotify.shows.TYSS_Shows_GUSS_004" name="TC_TYSS_Shows_GUSS_004" time="0.352"/>
  <testcase classname="com.spotify.shows.TYSS_Shows_GUSS_005" name="TC_TYSS_Shows_GUSS_005" time="0.363"/>
  <testcase classname="com.spotify.shows.TYSS_Shows_RUSS_001" name="TC_TYSS_Shows_RUSS_001" time="0.485"/>
  <testcase classname="com.spotify.shows.TYSS_Shows_RUSS_002" name="TC_TYSS_Shows_RUSS_002" time="0.359"/>
  <testcase classname="com.spotify.shows.TYSS_Shows_RUSS_003" name="TC_TYSS_Shows_RUSS_003" time="0.447"/>
  <testcase classname="com.spotify.baseutil.BaseTest" name="@BeforeSuite createFiles" time="0.0">
    <ignored/>
  </testcase> <!-- @BeforeSuite createFiles -->
  <testcase classname="com.spotify.baseutil.BaseTest" name="@BeforeSuite createFiles" time="0.0">
    <ignored/>
  </testcase> <!-- @BeforeSuite createFiles -->
  <testcase classname="com.spotify.baseutil.BaseTest" name="@BeforeSuite createFiles" time="0.0">
    <ignored/>
  </testcase> <!-- @BeforeSuite createFiles -->
  <testcase classname="com.spotify.baseutil.BaseTest" name="@BeforeSuite createFiles" time="0.0">
    <ignored/>
  </testcase> <!-- @BeforeSuite createFiles -->
  <testcase classname="com.spotify.baseutil.BaseTest" name="@BeforeSuite createFiles" time="0.0">
    <ignored/>
  </testcase> <!-- @BeforeSuite createFiles -->
  <testcase classname="com.spotify.baseutil.BaseTest" name="@BeforeSuite createFiles" time="0.0">
    <ignored/>
  </testcase> <!-- @BeforeSuite createFiles -->
  <testcase classname="com.spotify.baseutil.BaseTest" name="@BeforeSuite createFiles" time="0.0">
    <ignored/>
  </testcase> <!-- @BeforeSuite createFiles -->
  <testcase classname="com.spotify.baseutil.BaseTest" name="@BeforeSuite createFiles" time="0.0">
    <ignored/>
  </testcase> <!-- @BeforeSuite createFiles -->
  <testcase classname="com.spotify.baseutil.BaseTest" name="@BeforeSuite createFiles" time="0.0">
    <ignored/>
  </testcase> <!-- @BeforeSuite createFiles -->
  <testcase classname="com.spotify.baseutil.BaseTest" name="@BeforeSuite createFiles" time="0.0">
    <ignored/>
  </testcase> <!-- @BeforeSuite createFiles -->
  <testcase classname="com.spotify.baseutil.BaseTest" name="@BeforeSuite createFiles" time="0.0">
    <ignored/>
  </testcase> <!-- @BeforeSuite createFiles -->
  <testcase classname="com.spotify.baseutil.BaseTest" name="@BeforeSuite createFiles" time="0.0">
    <ignored/>
  </testcase> <!-- @BeforeSuite createFiles -->
  <testcase classname="com.spotify.baseutil.BaseTest" name="@BeforeSuite createFiles" time="0.0">
    <ignored/>
  </testcase> <!-- @BeforeSuite createFiles -->
  <testcase classname="com.spotify.baseutil.BaseTest" name="@BeforeSuite createFiles" time="0.0">
    <ignored/>
  </testcase> <!-- @BeforeSuite createFiles -->
  <testcase classname="com.spotify.baseutil.BaseTest" name="@BeforeSuite createFiles" time="0.0">
    <ignored/>
  </testcase> <!-- @BeforeSuite createFiles -->
  <testcase classname="com.spotify.baseutil.BaseTest" name="@BeforeSuite createFiles" time="0.0">
    <ignored/>
  </testcase> <!-- @BeforeSuite createFiles -->
  <testcase classname="com.spotify.baseutil.BaseTest" name="@BeforeSuite createFiles" time="0.0">
    <ignored/>
  </testcase> <!-- @BeforeSuite createFiles -->
  <testcase classname="com.spotify.baseutil.BaseTest" name="@BeforeSuite createFiles" time="0.0">
    <ignored/>
  </testcase> <!-- @BeforeSuite createFiles -->
  <testcase classname="com.spotify.baseutil.BaseTest" name="@BeforeSuite createFiles" time="0.0">
    <ignored/>
  </testcase> <!-- @BeforeSuite createFiles -->
  <testcase classname="com.spotify.baseutil.BaseTest" name="@BeforeSuite createFiles" time="0.0">
    <ignored/>
  </testcase> <!-- @BeforeSuite createFiles -->
  <testcase classname="com.spotify.baseutil.BaseTest" name="@BeforeSuite createFiles" time="0.0">
    <ignored/>
  </testcase> <!-- @BeforeSuite createFiles -->
  <testcase classname="com.spotify.baseutil.BaseTest" name="@BeforeSuite createFiles" time="0.0">
    <ignored/>
  </testcase> <!-- @BeforeSuite createFiles -->
  <testcase classname="com.spotify.baseutil.BaseTest" name="@BeforeSuite createFiles" time="0.0">
    <ignored/>
  </testcase> <!-- @BeforeSuite createFiles -->
  <testcase classname="com.spotify.baseutil.BaseTest" name="@BeforeSuite createFiles" time="0.0">
    <ignored/>
  </testcase> <!-- @BeforeSuite createFiles -->
  <testcase classname="com.spotify.baseutil.BaseTest" name="@BeforeSuite createFiles" time="0.0">
    <ignored/>
  </testcase> <!-- @BeforeSuite createFiles -->
  <testcase classname="com.spotify.baseutil.BaseTest" name="@BeforeSuite createFiles" time="0.0">
    <ignored/>
  </testcase> <!-- @BeforeSuite createFiles -->
  <testcase classname="com.spotify.baseutil.BaseTest" name="@BeforeSuite createFiles" time="0.0">
    <ignored/>
  </testcase> <!-- @BeforeSuite createFiles -->
  <testcase classname="com.spotify.baseutil.BaseTest" name="@BeforeSuite createFiles" time="0.0">
    <ignored/>
  </testcase> <!-- @BeforeSuite createFiles -->
  <testcase classname="com.spotify.baseutil.BaseTest" name="@BeforeSuite createFiles" time="0.0">
    <ignored/>
  </testcase> <!-- @BeforeSuite createFiles -->
  <testcase classname="com.spotify.baseutil.BaseTest" name="@BeforeSuite createFiles" time="0.0">
    <ignored/>
  </testcase> <!-- @BeforeSuite createFiles -->
  <testcase classname="com.spotify.baseutil.BaseTest" name="@BeforeSuite createFiles" time="0.0">
    <ignored/>
  </testcase> <!-- @BeforeSuite createFiles -->
  <testcase classname="com.spotify.baseutil.BaseTest" name="@BeforeSuite createFiles" time="0.0">
    <ignored/>
  </testcase> <!-- @BeforeSuite createFiles -->
  <testcase classname="com.spotify.baseutil.BaseTest" name="@BeforeSuite createFiles" time="0.0">
    <ignored/>
  </testcase> <!-- @BeforeSuite createFiles -->
  <testcase classname="com.spotify.baseutil.BaseTest" name="@BeforeSuite createFiles" time="0.0">
    <ignored/>
  </testcase> <!-- @BeforeSuite createFiles -->
  <testcase classname="com.spotify.baseutil.BaseTest" name="@BeforeSuite createFiles" time="0.0">
    <ignored/>
  </testcase> <!-- @BeforeSuite createFiles -->
  <testcase classname="com.spotify.baseutil.BaseTest" name="@BeforeSuite createFiles" time="0.0">
    <ignored/>
  </testcase> <!-- @BeforeSuite createFiles -->
  <testcase classname="com.spotify.baseutil.BaseTest" name="@BeforeSuite createFiles" time="0.0">
    <ignored/>
  </testcase> <!-- @BeforeSuite createFiles -->
  <testcase classname="com.spotify.baseutil.BaseTest" name="@BeforeSuite createFiles" time="0.0">
    <ignored/>
  </testcase> <!-- @BeforeSuite createFiles -->
  <testcase classname="com.spotify.baseutil.BaseTest" name="@BeforeSuite createFiles" time="0.0">
    <ignored/>
  </testcase> <!-- @BeforeSuite createFiles -->
  <testcase classname="com.spotify.baseutil.BaseTest" name="@BeforeSuite createFiles" time="0.0">
    <ignored/>
  </testcase> <!-- @BeforeSuite createFiles -->
  <testcase classname="com.spotify.baseutil.BaseTest" name="@BeforeSuite createFiles" time="0.0">
    <ignored/>
  </testcase> <!-- @BeforeSuite createFiles -->
  <testcase classname="com.spotify.baseutil.BaseTest" name="@BeforeSuite createFiles" time="0.0">
    <ignored/>
  </testcase> <!-- @BeforeSuite createFiles -->
  <testcase classname="com.spotify.baseutil.BaseTest" name="@BeforeSuite createFiles" time="0.0">
    <ignored/>
  </testcase> <!-- @BeforeSuite createFiles -->
  <testcase classname="com.spotify.baseutil.BaseTest" name="@BeforeSuite createFiles" time="0.0">
    <ignored/>
  </testcase> <!-- @BeforeSuite createFiles -->
  <testcase classname="com.spotify.baseutil.BaseTest" name="@BeforeSuite createFiles" time="0.0">
    <ignored/>
  </testcase> <!-- @BeforeSuite createFiles -->
  <testcase classname="com.spotify.baseutil.BaseTest" name="@BeforeSuite createFiles" time="0.0">
    <ignored/>
  </testcase> <!-- @BeforeSuite createFiles -->
  <testcase classname="com.spotify.baseutil.BaseTest" name="@BeforeSuite createFiles" time="0.0">
    <ignored/>
  </testcase> <!-- @BeforeSuite createFiles -->
  <testcase classname="com.spotify.baseutil.BaseTest" name="@BeforeSuite createFiles" time="0.0">
    <ignored/>
  </testcase> <!-- @BeforeSuite createFiles -->
  <testcase classname="com.spotify.baseutil.BaseTest" name="@BeforeSuite createFiles" time="0.0">
    <ignored/>
  </testcase> <!-- @BeforeSuite createFiles -->
  <testcase classname="com.spotify.baseutil.BaseTest" name="@BeforeSuite createFiles" time="0.0">
    <ignored/>
  </testcase> <!-- @BeforeSuite createFiles -->
  <testcase classname="com.spotify.baseutil.BaseTest" name="@BeforeSuite createFiles" time="0.0">
    <ignored/>
  </testcase> <!-- @BeforeSuite createFiles -->
  <testcase classname="com.spotify.baseutil.BaseTest" name="@BeforeSuite createFiles" time="0.0">
    <ignored/>
  </testcase> <!-- @BeforeSuite createFiles -->
  <testcase classname="com.spotify.baseutil.BaseTest" name="@BeforeSuite createFiles" time="0.0">
    <ignored/>
  </testcase> <!-- @BeforeSuite createFiles -->
  <testcase classname="com.spotify.baseutil.BaseTest" name="@BeforeSuite createFiles" time="0.0">
    <ignored/>
  </testcase> <!-- @BeforeSuite createFiles -->
  <testcase classname="com.spotify.baseutil.BaseTest" name="@BeforeSuite createFiles" time="0.0">
    <ignored/>
  </testcase> <!-- @BeforeSuite createFiles -->
  <testcase classname="com.spotify.baseutil.BaseTest" name="@BeforeSuite createFiles" time="0.0">
    <ignored/>
  </testcase> <!-- @BeforeSuite createFiles -->
  <testcase classname="com.spotify.baseutil.BaseTest" name="@BeforeSuite createFiles" time="0.0">
    <ignored/>
  </testcase> <!-- @BeforeSuite createFiles -->
  <testcase classname="com.spotify.baseutil.BaseTest" name="@BeforeSuite createFiles" time="0.0">
    <ignored/>
  </testcase> <!-- @BeforeSuite createFiles -->
  <testcase classname="com.spotify.baseutil.BaseTest" name="@BeforeSuite createFiles" time="0.0">
    <ignored/>
  </testcase> <!-- @BeforeSuite createFiles -->
  <testcase classname="com.spotify.baseutil.BaseTest" name="@BeforeSuite createFiles" time="0.0">
    <ignored/>
  </testcase> <!-- @BeforeSuite createFiles -->
  <testcase classname="com.spotify.baseutil.BaseTest" name="@BeforeSuite createFiles" time="0.0">
    <ignored/>
  </testcase> <!-- @BeforeSuite createFiles -->
  <testcase classname="com.spotify.baseutil.BaseTest" name="@BeforeSuite createFiles" time="0.0">
    <ignored/>
  </testcase> <!-- @BeforeSuite createFiles -->
  <testcase classname="com.spotify.baseutil.BaseTest" name="@BeforeSuite createFiles" time="0.0">
    <ignored/>
  </testcase> <!-- @BeforeSuite createFiles -->
</testsuite> <!-- API_Test -->
